<?xml version="1.0" encoding="UTF-8"?>
<robot generator="Robot 6.1.1 (Python 3.10.12 on win32)" generated="20231025 14:56:26.113" rpa="true" schemaversion="4">
<suite id="s1" name="Tasks" source="c:\Users\tawatchai\Desktop\screenshot\VSCode_RobotFramework\robot_selenium_project\tasks.robot">
<kw name="Open Browser" library="SeleniumLibrary" type="SETUP">
<arg>${URL}</arg>
<arg>${BROWSER}</arg>
<doc>Opens a new browser instance to the optional ``url``.</doc>
<msg timestamp="20231025 14:56:27.805" level="INFO">Opening browser 'Chrome' to base url 'https://1112.com/'.</msg>
<status status="PASS" starttime="20231025 14:56:27.804" endtime="20231025 14:56:31.416"/>
</kw>
<test id="s1-t1" name="Login" line="14">
<kw name="Maximize Browser Window" library="SeleniumLibrary">
<doc>Maximizes current browser window.</doc>
<status status="PASS" starttime="20231025 14:56:31.418" endtime="20231025 14:56:31.598"/>
</kw>
<kw name="Wait Until Element Is Visible" library="SeleniumLibrary">
<arg>id:go-to-login</arg>
<doc>Waits until the element ``locator`` is visible.</doc>
<status status="PASS" starttime="20231025 14:56:31.599" endtime="20231025 14:56:31.638"/>
</kw>
<kw name="Click Element" library="SeleniumLibrary">
<arg>id:go-to-login</arg>
<doc>Click the element identified by ``locator``.</doc>
<msg timestamp="20231025 14:56:31.640" level="INFO">Clicking element 'id:go-to-login'.</msg>
<status status="PASS" starttime="20231025 14:56:31.639" endtime="20231025 14:56:32.404"/>
</kw>
<kw name="Sleep" library="BuiltIn">
<arg>1</arg>
<doc>Pauses the test executed for the given time.</doc>
<msg timestamp="20231025 14:56:33.415" level="INFO">Slept 1 second</msg>
<status status="PASS" starttime="20231025 14:56:32.406" endtime="20231025 14:56:33.416"/>
</kw>
<kw name="Click Element" library="SeleniumLibrary">
<arg>id:username</arg>
<doc>Click the element identified by ``locator``.</doc>
<msg timestamp="20231025 14:56:33.421" level="INFO">Clicking element 'id:username'.</msg>
<status status="PASS" starttime="20231025 14:56:33.418" endtime="20231025 14:56:33.516"/>
</kw>
<kw name="Input Text" library="SeleniumLibrary">
<arg>id:username</arg>
<arg>usertestvjd@gmail.com</arg>
<doc>Types the given ``text`` into the text field identified by ``locator``.</doc>
<msg timestamp="20231025 14:56:33.518" level="INFO">Typing text 'usertestvjd@gmail.com' into text field 'id:username'.</msg>
<status status="PASS" starttime="20231025 14:56:33.517" endtime="20231025 14:56:33.633"/>
</kw>
<kw name="Sleep" library="BuiltIn">
<arg>0.5</arg>
<doc>Pauses the test executed for the given time.</doc>
<msg timestamp="20231025 14:56:34.146" level="INFO">Slept 500 milliseconds</msg>
<status status="PASS" starttime="20231025 14:56:33.644" endtime="20231025 14:56:34.147"/>
</kw>
<kw name="Click Element" library="SeleniumLibrary">
<arg>id:password</arg>
<doc>Click the element identified by ``locator``.</doc>
<msg timestamp="20231025 14:56:34.151" level="INFO">Clicking element 'id:password'.</msg>
<status status="PASS" starttime="20231025 14:56:34.149" endtime="20231025 14:56:34.240"/>
</kw>
<kw name="Input Text" library="SeleniumLibrary">
<arg>id:password</arg>
<arg>123456Johnny#</arg>
<doc>Types the given ``text`` into the text field identified by ``locator``.</doc>
<msg timestamp="20231025 14:56:34.245" level="INFO">Typing text '123456Johnny#' into text field 'id:password'.</msg>
<status status="PASS" starttime="20231025 14:56:34.244" endtime="20231025 14:56:34.335"/>
</kw>
<kw name="Sleep" library="BuiltIn">
<arg>0.5</arg>
<doc>Pauses the test executed for the given time.</doc>
<msg timestamp="20231025 14:56:34.846" level="INFO">Slept 500 milliseconds</msg>
<status status="PASS" starttime="20231025 14:56:34.336" endtime="20231025 14:56:34.846"/>
</kw>
<kw name="Click Element" library="SeleniumLibrary">
<arg>id:login-email-text</arg>
<doc>Click the element identified by ``locator``.</doc>
<msg timestamp="20231025 14:56:34.850" level="INFO">Clicking element 'id:login-email-text'.</msg>
<status status="PASS" starttime="20231025 14:56:34.848" endtime="20231025 14:56:34.961"/>
</kw>
<kw name="Sleep" library="BuiltIn">
<arg>1</arg>
<doc>Pauses the test executed for the given time.</doc>
<msg timestamp="20231025 14:56:35.973" level="INFO">Slept 1 second</msg>
<status status="PASS" starttime="20231025 14:56:34.962" endtime="20231025 14:56:35.973"/>
</kw>
<kw name="Scroll Element Into View" library="SeleniumLibrary">
<arg>id:home-font</arg>
<doc>Scrolls the element identified by ``locator`` into view.</doc>
<status status="PASS" starttime="20231025 14:56:35.994" endtime="20231025 14:56:36.497"/>
</kw>
<kw name="Click Element" library="SeleniumLibrary">
<arg>id:category-href</arg>
<doc>Click the element identified by ``locator``.</doc>
<msg timestamp="20231025 14:56:36.501" level="INFO">Clicking element 'id:category-href'.</msg>
<status status="PASS" starttime="20231025 14:56:36.499" endtime="20231025 14:56:37.979"/>
</kw>
<kw name="Click Element" library="SeleniumLibrary">
<arg>id:add-pza</arg>
<doc>Click the element identified by ``locator``.</doc>
<msg timestamp="20231025 14:56:37.981" level="INFO">Clicking element 'id:add-pza'.</msg>
<status status="PASS" starttime="20231025 14:56:37.980" endtime="20231025 14:56:38.086"/>
</kw>
<kw name="Click Element" library="SeleniumLibrary">
<arg>id:cart-img</arg>
<doc>Click the element identified by ``locator``.</doc>
<msg timestamp="20231025 14:56:38.092" level="INFO">Clicking element 'id:cart-img'.</msg>
<status status="PASS" starttime="20231025 14:56:38.090" endtime="20231025 14:56:38.183"/>
</kw>
<kw name="Wait Until Element Is Visible" library="SeleniumLibrary">
<arg>id:checkout-href</arg>
<doc>Waits until the element ``locator`` is visible.</doc>
<status status="PASS" starttime="20231025 14:56:38.184" endtime="20231025 14:56:38.469"/>
</kw>
<kw name="Click Element" library="SeleniumLibrary">
<arg>id:checkout-href</arg>
<doc>Click the element identified by ``locator``.</doc>
<msg timestamp="20231025 14:56:38.471" level="INFO">Clicking element 'id:checkout-href'.</msg>
<status status="PASS" starttime="20231025 14:56:38.470" endtime="20231025 14:56:39.336"/>
</kw>
<kw name="Sleep" library="BuiltIn">
<arg>0.5</arg>
<doc>Pauses the test executed for the given time.</doc>
<msg timestamp="20231025 14:56:39.838" level="INFO">Slept 500 milliseconds</msg>
<status status="PASS" starttime="20231025 14:56:39.338" endtime="20231025 14:56:39.838"/>
</kw>
<kw name="Click Element" library="SeleniumLibrary">
<arg>id:upsell-btn</arg>
<doc>Click the element identified by ``locator``.</doc>
<msg timestamp="20231025 14:56:39.844" level="INFO">Clicking element 'id:upsell-btn'.</msg>
<status status="PASS" starttime="20231025 14:56:39.841" endtime="20231025 14:56:39.980"/>
</kw>
<kw name="Scroll Element Into View" library="SeleniumLibrary">
<arg>id:to-payment-btn</arg>
<doc>Scrolls the element identified by ``locator`` into view.</doc>
<status status="PASS" starttime="20231025 14:56:39.981" endtime="20231025 14:56:40.296"/>
</kw>
<kw name="Wait Until Element Is Visible" library="SeleniumLibrary">
<arg>id:to-payment-btn</arg>
<doc>Waits until the element ``locator`` is visible.</doc>
<status status="PASS" starttime="20231025 14:56:40.298" endtime="20231025 14:56:40.344"/>
</kw>
<kw name="Click Element" library="SeleniumLibrary">
<arg>id:cookies-close</arg>
<doc>Click the element identified by ``locator``.</doc>
<msg timestamp="20231025 14:56:40.346" level="INFO">Clicking element 'id:cookies-close'.</msg>
<status status="PASS" starttime="20231025 14:56:40.345" endtime="20231025 14:56:40.422"/>
</kw>
<kw name="Click Element" library="SeleniumLibrary">
<arg>id:to-payment-btn</arg>
<doc>Click the element identified by ``locator``.</doc>
<msg timestamp="20231025 14:56:40.424" level="INFO">Clicking element 'id:to-payment-btn'.</msg>
<status status="PASS" starttime="20231025 14:56:40.423" endtime="20231025 14:56:40.483"/>
</kw>
<status status="PASS" starttime="20231025 14:56:31.416" endtime="20231025 14:56:40.484"/>
</test>
<kw name="Close All Browsers" library="SeleniumLibrary" type="TEARDOWN">
<doc>Closes all open browsers and resets the browser cache.</doc>
<status status="PASS" starttime="20231025 14:56:40.487" endtime="20231025 14:56:46.797"/>
</kw>
<doc>Template robot main suite.</doc>
<status status="PASS" starttime="20231025 14:56:26.125" endtime="20231025 14:56:46.797"/>
</suite>
<statistics>
<total>
<stat pass="1" fail="0" skip="0">All Tasks</stat>
</total>
<tag>
</tag>
<suite>
<stat pass="1" fail="0" skip="0" id="s1" name="Tasks">Tasks</stat>
</suite>
</statistics>
<errors>
</errors>
</robot>
